<?xml version="1.0" encoding="UTF-8"?>
<!-- Generated by org.testng.reporters.JUnitReportReporter -->
<testsuite skipped="0" hostname="btm-faculty-PC" name="script.InvalidLogin" tests="1" failures="0" timestamp="13 Dec 2017 03:57:29 GMT" time="5.335" errors="0">
  <testcase name="testInvalidLogin" time="5.335" classname="script.InvalidLogin"/>
</testsuite> <!-- script.InvalidLogin -->
