<?xml version="1.0" encoding="UTF-8"?>
<!-- Generated by org.testng.reporters.JUnitReportReporter -->
<testsuite skipped="0" hostname="btm-faculty-PC" name="script.ValidLogin" tests="1" failures="0" timestamp="13 Dec 2017 03:28:55 GMT" time="7.200" errors="0">
  <testcase name="testValidLogin" time="7.200" classname="script.ValidLogin"/>
</testsuite> <!-- script.ValidLogin -->
