<?xml version="1.0" encoding="UTF-8"?>
<!-- Generated by org.testng.reporters.JUnitReportReporter -->
<testsuite skipped="0" hostname="btm-faculty-PC" name="script.Demo" tests="1" failures="0" timestamp="13 Dec 2017 03:06:12 GMT" time="0.008" errors="0">
  <testcase name="testA" time="0.008" classname="script.Demo"/>
</testsuite> <!-- script.Demo -->
